<?xml version="1.0" encoding="UTF-8"?>
<!-- Generated by org.testng.reporters.JUnitXMLReporter -->
<testsuite hostname="Kavitha" name="Default test" tests="3" failures="0" timestamp="27 Apr 2016 06:47:37 GMT" time="144.519" errors="0">
  <testcase name="CreateLeadForOpentaps" time="37.438" classname="testcases.TC01_CreateLead"/>
  <testcase name="CreateLeadForOpentaps" time="35.201" classname="testcases.TC01_CreateLead"/>
  <testcase name="CreateLeadForOpentaps" time="35.379" classname="testcases.TC01_CreateLead"/>
</testsuite> <!-- Default test -->
